<?xml version="1.0" encoding="UTF-8"?>
<!-- Generated by org.testng.reporters.JUnitReportReporter -->
<testsuite skipped="0" hostname="DAS-PC" name="Screenshot.DownloadFileInChrome" tests="1" failures="0" timestamp="07 Dec 2017 17:07:53 GMT" time="42.121" errors="0">
  <testcase name="download" time="42.121" classname="Screenshot.DownloadFileInChrome"/>
</testsuite> <!-- Screenshot.DownloadFileInChrome -->
