<?xml version="1.0" encoding="UTF-8"?>
<!-- Generated by org.testng.reporters.JUnitReportReporter -->
<testsuite skipped="0" hostname="DAS-PC" name="com.flipkart.TestCases.O_M_VerifyHandoverOrders" tests="1" failures="0" timestamp="21 Dec 2017 17:46:14 GMT" time="59.198" errors="0">
  <testcase name="handoverOrders" time="59.198" classname="com.flipkart.TestCases.O_M_VerifyHandoverOrders"/>
</testsuite> <!-- com.flipkart.TestCases.O_M_VerifyHandoverOrders -->
