<?xml version="1.0" encoding="UTF-8"?>
<!-- Generated by org.testng.reporters.JUnitReportReporter -->
<testsuite skipped="0" hostname="DAS-PC" name="com.flipkart.TestCases.VerifyUpcomingNewOrders" tests="3" failures="0" timestamp="22 Aug 2017 11:33:00 GMT" time="34.624" errors="0">
  <testcase name="login" time="0.686" classname="com.flipkart.TestCases.VerifyUpcomingNewOrders"/>
  <testcase name="newOrders" time="25.135" classname="com.flipkart.TestCases.VerifyUpcomingNewOrders"/>
  <testcase name="logout" time="8.803" classname="com.flipkart.TestCases.VerifyUpcomingNewOrders"/>
</testsuite> <!-- com.flipkart.TestCases.VerifyUpcomingNewOrders -->
