<?xml version="1.0" encoding="UTF-8"?>
<!-- Generated by org.testng.reporters.JUnitReportReporter -->
<testsuite skipped="0" hostname="DAS-PC" name="com.flipkart.TestCases.VerifyCreateLabel" tests="3" failures="0" timestamp="23 Aug 2017 10:51:06 GMT" time="42.858" errors="0">
  <testcase name="login" time="0.975" classname="com.flipkart.TestCases.VerifyCreateLabel"/>
  <testcase name="createLabels" time="38.392" classname="com.flipkart.TestCases.VerifyCreateLabel"/>
  <testcase name="logout" time="3.491" classname="com.flipkart.TestCases.VerifyCreateLabel"/>
</testsuite> <!-- com.flipkart.TestCases.VerifyCreateLabel -->
