<?xml version="1.0" encoding="UTF-8"?>
<!-- Generated by org.testng.reporters.JUnitReportReporter -->
<testsuite skipped="0" hostname="DAS-PC" name="Others.Sample" tests="1" failures="0" timestamp="09 Jan 2018 13:02:12 GMT" time="99.130" errors="0">
  <testcase name="handleDownloadPopup" time="99.130" classname="Others.Sample"/>
</testsuite> <!-- Others.Sample -->
