<?xml version="1.0" encoding="UTF-8"?>
<!-- Generated by org.testng.reporters.JUnitReportReporter -->
<testsuite skipped="0" hostname="DAS-PC" name="Screenshot.DownloadFile" tests="1" failures="0" timestamp="07 Dec 2017 16:29:00 GMT" time="23.871" errors="0">
  <testcase name="download" time="23.871" classname="Screenshot.DownloadFile"/>
</testsuite> <!-- Screenshot.DownloadFile -->
