<?xml version="1.0" encoding="UTF-8"?>
<!-- Generated by org.testng.reporters.JUnitReportReporter -->
<testsuite skipped="0" hostname="DAS-PC" name="com.flipkart.TestCases.VerifyProcessOrder" tests="1" failures="0" timestamp="22 Dec 2017 18:27:01 GMT" time="15.040" errors="0">
  <testcase name="verifyProcessOrder" time="15.040" classname="com.flipkart.TestCases.VerifyProcessOrder"/>
</testsuite> <!-- com.flipkart.TestCases.VerifyProcessOrder -->
