<?xml version="1.0" encoding="UTF-8"?>
<!-- Generated by org.testng.reporters.JUnitReportReporter -->
<testsuite skipped="0" hostname="DAS-PC" name="com.flipkart.TestCases.O_M_VerifyListings" tests="1" failures="0" timestamp="13 Jan 2018 12:32:25 GMT" time="45.717" errors="0">
  <testcase name="verifyListings" time="45.717" classname="com.flipkart.TestCases.O_M_VerifyListings"/>
</testsuite> <!-- com.flipkart.TestCases.O_M_VerifyListings -->
