<?xml version="1.0" encoding="UTF-8"?>
<!-- Generated by org.testng.reporters.JUnitReportReporter -->
<testsuite skipped="0" hostname="DAS-PC" name="com.flipkart.TestCases.O_M_VerifyNoOfOrdersDelivered" tests="1" failures="0" timestamp="21 Dec 2017 18:06:30 GMT" time="21.082" errors="0">
  <testcase name="ordersDelivered" time="21.082" classname="com.flipkart.TestCases.O_M_VerifyNoOfOrdersDelivered"/>
</testsuite> <!-- com.flipkart.TestCases.O_M_VerifyNoOfOrdersDelivered -->
