<?xml version="1.0" encoding="UTF-8"?>
<!-- Generated by org.testng.reporters.JUnitReportReporter -->
<testsuite skipped="0" hostname="DAS-PC" name="com.flipkart.TestCases.O_M_VerifyUpcomingNewOrders" tests="1" failures="0" timestamp="21 Dec 2017 18:34:43 GMT" time="52.024" errors="0">
  <testcase name="upcomingOrders" time="52.024" classname="com.flipkart.TestCases.O_M_VerifyUpcomingNewOrders"/>
</testsuite> <!-- com.flipkart.TestCases.O_M_VerifyUpcomingNewOrders -->
