<?xml version="1.0" encoding="UTF-8"?>
<!-- Generated by org.testng.reporters.JUnitReportReporter -->
<testsuite skipped="0" hostname="DAS-PC" name="com.flipkart.TestCases.O_M_VerifyAllOrdersStatus" tests="1" failures="0" timestamp="22 Dec 2017 18:58:30 GMT" time="31.176" errors="0">
  <testcase name="ordersStatus" time="31.176" classname="com.flipkart.TestCases.O_M_VerifyAllOrdersStatus"/>
</testsuite> <!-- com.flipkart.TestCases.O_M_VerifyAllOrdersStatus -->
