<?xml version="1.0" encoding="UTF-8"?>
<!-- Generated by org.testng.reporters.JUnitReportReporter -->
<testsuite skipped="0" hostname="DAS-PC" name="com.flipkart.TestCases.O_M_VerifyNoOfNewOrders" tests="1" failures="0" timestamp="21 Dec 2017 17:25:57 GMT" time="64.416" errors="0">
  <testcase name="newOrders" time="64.416" classname="com.flipkart.TestCases.O_M_VerifyNoOfNewOrders"/>
</testsuite> <!-- com.flipkart.TestCases.O_M_VerifyNoOfNewOrders -->
