<?xml version="1.0" encoding="UTF-8"?>
<!-- Generated by org.testng.reporters.JUnitReportReporter -->
<testsuite skipped="0" hostname="DAS-PC" name="com.flipkart.TestCases.O_M_VerifyInTransitOrders" tests="1" failures="0" timestamp="21 Dec 2017 18:41:20 GMT" time="58.211" errors="0">
  <testcase name="inTransitOrders" time="58.211" classname="com.flipkart.TestCases.O_M_VerifyInTransitOrders"/>
</testsuite> <!-- com.flipkart.TestCases.O_M_VerifyInTransitOrders -->
