<?xml version="1.0" encoding="UTF-8"?>
<!-- Generated by org.testng.reporters.JUnitReportReporter -->
<testsuite skipped="0" hostname="DAS-PC" name="Others.ScrollDown" tests="1" failures="0" timestamp="14 Dec 2017 16:12:09 GMT" time="27.443" errors="0">
  <testcase name="alert" time="27.443" classname="Others.ScrollDown"/>
</testsuite> <!-- Others.ScrollDown -->
