<?xml version="1.0" encoding="UTF-8"?>
<!-- Generated by org.testng.reporters.JUnitReportReporter -->
<testsuite skipped="0" hostname="DAS-PC" name="Others.FileUpload" tests="1" failures="0" timestamp="07 Dec 2017 18:44:26 GMT" time="6.900" errors="0">
  <testcase name="fileUpload" time="6.900" classname="Others.FileUpload"/>
</testsuite> <!-- Others.FileUpload -->
