<?xml version="1.0" encoding="UTF-8"?>
<!-- Generated by org.testng.reporters.JUnitReportReporter -->
<testsuite skipped="0" hostname="DAS-PC" name="com.flipkart.TestCases.O_M_VerifyStatusOfAllOrders" tests="1" failures="0" timestamp="22 Dec 2017 06:59:41 GMT" time="32.055" errors="0">
  <testcase name="upcomingOrders" time="32.055" classname="com.flipkart.TestCases.O_M_VerifyStatusOfAllOrders"/>
</testsuite> <!-- com.flipkart.TestCases.O_M_VerifyStatusOfAllOrders -->
