<?xml version="1.0" encoding="UTF-8"?>
<!-- Generated by org.testng.reporters.JUnitReportReporter -->
<testsuite skipped="0" hostname="DAS-PC" name="com.flipkart.TestCases.O_M_VerifyPackOrders" tests="1" failures="0" timestamp="21 Dec 2017 17:59:05 GMT" time="59.697" errors="0">
  <testcase name="packOrders" time="59.697" classname="com.flipkart.TestCases.O_M_VerifyPackOrders"/>
</testsuite> <!-- com.flipkart.TestCases.O_M_VerifyPackOrders -->
