<?xml version="1.0" encoding="UTF-8"?>
<!-- Generated by org.testng.reporters.JUnitReportReporter -->
<testsuite skipped="0" hostname="DAS-PC" name="Screenshot.Alert" tests="1" failures="0" timestamp="06 Dec 2017 18:24:25 GMT" time="14.632" errors="0">
  <testcase name="alert" time="14.632" classname="Screenshot.Alert"/>
</testsuite> <!-- Screenshot.Alert -->
